  main.cpp
E:\study_C\24.3.1\24.3.1\main.cpp(11,13): error C2109: 下标要求数组或指针类型
E:\study_C\24.3.1\24.3.1\main.cpp(11,23): error C2109: 下标要求数组或指针类型
E:\study_C\24.3.1\24.3.1\main.cpp(13,24): error C2109: 下标要求数组或指针类型
E:\study_C\24.3.1\24.3.1\main.cpp(13,11): warning C4473: “printf”: 没有为格式字符串传递足够的参数
E:\study_C\24.3.1\24.3.1\main.cpp(13,11): message : 占位符和其参数预计 1 可变参数，但提供的却是 0 参数
E:\study_C\24.3.1\24.3.1\main.cpp(13,11): message : 缺失的可变参数 1 为格式字符串“%d”所需
E:\study_C\24.3.1\24.3.1\main.cpp(18,24): error C2109: 下标要求数组或指针类型
E:\study_C\24.3.1\24.3.1\main.cpp(18,11): warning C4473: “printf”: 没有为格式字符串传递足够的参数
E:\study_C\24.3.1\24.3.1\main.cpp(18,11): message : 占位符和其参数预计 1 可变参数，但提供的却是 0 参数
E:\study_C\24.3.1\24.3.1\main.cpp(18,11): message : 缺失的可变参数 1 为格式字符串“%d”所需
E:\study_C\24.3.1\24.3.1\main.cpp(29,11): error C2131: 表达式的计算结果不是常数
E:\study_C\24.3.1\24.3.1\main.cpp(29,11): message : 因读取超过生命周期的变量而失败
E:\study_C\24.3.1\24.3.1\main.cpp(29,11): message : 请参见“n”的用法
E:\study_C\24.3.1\24.3.1\main.cpp(30,11): error C2131: 表达式的计算结果不是常数
E:\study_C\24.3.1\24.3.1\main.cpp(30,11): message : 因读取超过生命周期的变量而失败
E:\study_C\24.3.1\24.3.1\main.cpp(30,11): message : 请参见“m”的用法
E:\study_C\24.3.1\24.3.1\main.cpp(47,11): warning C4477: “printf”: 格式字符串“%d”需要类型“int”的参数，但可变参数 1 拥有了类型“int [n]”
E:\study_C\24.3.1\24.3.1\main.cpp(47,11): warning C4313: "printf": 格式字符串中的 "%d" 与类型为 "int [n]" 的参数 1 冲突
E:\study_C\24.3.1\24.3.1\main.cpp(52,11): warning C4477: “printf”: 格式字符串“%d”需要类型“int”的参数，但可变参数 1 拥有了类型“int [m]”
E:\study_C\24.3.1\24.3.1\main.cpp(52,11): warning C4313: "printf": 格式字符串中的 "%d" 与类型为 "int [m]" 的参数 1 冲突
